#
# There is insufficient memory for the Java Runtime Environment to continue.
# Native memory allocation (malloc) failed to allocate 32744 bytes for ChunkPool::allocate
# Possible reasons:
#   The system is out of physical RAM or swap space
#   In 32 bit mode, the process size limit was hit
# Possible solutions:
#   Reduce memory load on the system
#   Increase physical memory or swap space
#   Check if swap backing store is full
#   Use 64 bit Java on a 64 bit OS
#   Decrease Java heap size (-Xmx/-Xms)
#   Decrease number of Java threads
#   Decrease Java thread stack sizes (-Xss)
#   Set larger code cache with -XX:ReservedCodeCacheSize=
# This output file may be truncated or incomplete.
#
#  Out of Memory Error (allocation.cpp:273), pid=2344, tid=0x00000000000014f0
#
# JRE version: Java(TM) SE Runtime Environment (8.0_151-b12) (build 1.8.0_151-b12)
# Java VM: Java HotSpot(TM) 64-Bit Server VM (25.151-b12 mixed mode windows-amd64 compressed oops)
# Failed to write core dump. Minidumps are not enabled by default on client versions of Windows
#

---------------  T H R E A D  ---------------

Current thread (0x00000000154cb800):  JavaThread "C2 CompilerThread1" daemon [_thread_in_native, id=5360, stack(0x0000000016bc0000,0x0000000016cc0000)]

Stack: [0x0000000016bc0000,0x0000000016cc0000]
[error occurred during error reporting (printing stack bounds), id 0xc0000005]

Native frames: (J=compiled Java code, j=interpreted, Vv=VM code, C=native code)


Current CompileTask:
C2:   8837 1970   !   4       com.android.dx.cf.cst.ConstantPoolParser::parse0 (731 bytes)


---------------  P R O C E S S  ---------------

Java Threads: ( => current thread )
  0x0000000016cc5000 JavaThread "Service Thread" daemon [_thread_blocked, id=3608, stack(0x00000000171c0000,0x00000000172c0000)]
  0x00000000154ce000 JavaThread "C1 CompilerThread2" daemon [_thread_blocked, id=10056, stack(0x00000000170c0000,0x00000000171c0000)]
=>0x00000000154cb800 JavaThread "C2 CompilerThread1" daemon [_thread_in_native, id=5360, stack(0x0000000016bc0000,0x0000000016cc0000)]
  0x0000000015473000 JavaThread "C2 CompilerThread0" daemon [_thread_in_native, id=1256, stack(0x0000000016ac0000,0x0000000016bc0000)]
  0x0000000015471800 JavaThread "Attach Listener" daemon [_thread_blocked, id=10052, stack(0x00000000169c0000,0x0000000016ac0000)]
  0x000000001546e000 JavaThread "Signal Dispatcher" daemon [_thread_blocked, id=3636, stack(0x00000000168c0000,0x00000000169c0000)]
  0x000000001545a800 JavaThread "Finalizer" daemon [_thread_blocked, id=5276, stack(0x00000000166c0000,0x00000000167c0000)]
  0x0000000002d90000 JavaThread "Reference Handler" daemon [_thread_blocked, id=1008, stack(0x00000000165c0000,0x00000000166c0000)]
  0x0000000000f3d800 JavaThread "main" [_thread_in_Java, id=1536, stack(0x0000000002aa0000,0x0000000002ba0000)]

Other Threads:
  0x0000000015437800 VMThread [stack: 0x00000000164c0000,0x00000000165c0000] [id=9840]
  0x0000000016ce1000 WatcherThread [stack: 0x00000000172c0000,0x00000000173c0000] [id=8096]

VM state:not at safepoint (normal execution)

VM Mutex/Monitor currently owned by a thread: None

Heap:
 PSYoungGen      total 146432K, used 109145K [0x00000000eab00000, 0x00000000fdd00000, 0x0000000100000000)
  eden space 129024K, 71% used [0x00000000eab00000,0x00000000f049a270,0x00000000f2900000)
  from space 17408K, 99% used [0x00000000f2900000,0x00000000f39fc328,0x00000000f3a00000)
  to   space 27648K, 0% used [0x00000000fc200000,0x00000000fc200000,0x00000000fdd00000)
 ParOldGen       total 86016K, used 41675K [0x00000000c0000000, 0x00000000c5400000, 0x00000000eab00000)
  object space 86016K, 48% used [0x00000000c0000000,0x00000000c28b2fa0,0x00000000c5400000)
 Metaspace       used 6754K, capacity 7352K, committed 7680K, reserved 1056768K
  class space    used 645K, capacity 688K, committed 768K, reserved 1048576K

Card table byte_map: [0x0000000012160000,0x0000000012370000] byte_map_base: 0x0000000011b60000

Marking Bits: (ParMarkBitMap*) 0x000000005915d850
 Begin Bits: [0x00000000128d0000, 0x00000000138d0000)
 End Bits:   [0x00000000138d0000, 0x00000000148d0000)

Polling page: 0x0000000000f40000

CodeCache: size=245760Kb used=9140Kb max_used=9140Kb free=236619Kb
 bounds [0x0000000002da0000, 0x00000000036a0000, 0x0000000011da0000]
 total_blobs=2503 nmethods=2233 adapters=182
 compilation: enabled

Compilation events (10 events):
Event: 8.819 Thread 0x00000000154ce000 2297       2       com.android.dx.dex.file.TypeListItem::compareTo0 (19 bytes)
Event: 8.819 Thread 0x00000000154ce000 nmethod 2297 0x0000000003691750 code [0x00000000036918c0, 0x0000000003691a68]
Event: 8.820 Thread 0x00000000154ce000 2298       2       com.android.dx.rop.type.StdTypeList::compareContents (82 bytes)
Event: 8.821 Thread 0x00000000154ce000 nmethod 2298 0x0000000003691b50 code [0x0000000003691d00, 0x0000000003692008]
Event: 8.824 Thread 0x00000000154ce000 2299       2       com.android.dx.dex.file.TypeListItem::addContents (47 bytes)
Event: 8.824 Thread 0x00000000154ce000 nmethod 2299 0x0000000003692290 code [0x0000000003692420, 0x0000000003692668]
Event: 8.829 Thread 0x00000000154ce000 2300       1       com.android.dx.dex.file.IdItem::getDefiningClass (5 bytes)
Event: 8.829 Thread 0x00000000154ce000 nmethod 2300 0x0000000003692810 code [0x0000000003692960, 0x0000000003692a70]
Event: 8.830 Thread 0x00000000154ce000 2301       2       com.android.dx.dex.file.TypeIdItem::addContents (16 bytes)
Event: 8.831 Thread 0x00000000154ce000 nmethod 2301 0x0000000003692ad0 code [0x0000000003692c60, 0x0000000003693008]

GC Heap History (10 events):
Event: 2.982 GC heap before
{Heap before GC invocations=3 (full 0):
 PSYoungGen      total 37888K, used 37886K [0x00000000eab00000, 0x00000000ef500000, 0x0000000100000000)
  eden space 32768K, 100% used [0x00000000eab00000,0x00000000ecb00000,0x00000000ecb00000)
  from space 5120K, 99% used [0x00000000ed000000,0x00000000ed4ffa78,0x00000000ed500000)
  to   space 5120K, 0% used [0x00000000ecb00000,0x00000000ecb00000,0x00000000ed000000)
 ParOldGen       total 86016K, used 5922K [0x00000000c0000000, 0x00000000c5400000, 0x00000000eab00000)
  object space 86016K, 6% used [0x00000000c0000000,0x00000000c05c8b48,0x00000000c5400000)
 Metaspace       used 6405K, capacity 7128K, committed 7424K, reserved 1056768K
  class space    used 637K, capacity 656K, committed 768K, reserved 1048576K
Event: 3.060 GC heap after
Heap after GC invocations=3 (full 0):
 PSYoungGen      total 37888K, used 5109K [0x00000000eab00000, 0x00000000ef500000, 0x0000000100000000)
  eden space 32768K, 0% used [0x00000000eab00000,0x00000000eab00000,0x00000000ecb00000)
  from space 5120K, 99% used [0x00000000ecb00000,0x00000000ecffd530,0x00000000ed000000)
  to   space 5120K, 0% used [0x00000000ef000000,0x00000000ef000000,0x00000000ef500000)
 ParOldGen       total 86016K, used 10664K [0x00000000c0000000, 0x00000000c5400000, 0x00000000eab00000)
  object space 86016K, 12% used [0x00000000c0000000,0x00000000c0a6a0c8,0x00000000c5400000)
 Metaspace       used 6405K, capacity 7128K, committed 7424K, reserved 1056768K
  class space    used 637K, capacity 656K, committed 768K, reserved 1048576K
}
Event: 3.352 GC heap before
{Heap before GC invocations=4 (full 0):
 PSYoungGen      total 37888K, used 37877K [0x00000000eab00000, 0x00000000ef500000, 0x0000000100000000)
  eden space 32768K, 100% used [0x00000000eab00000,0x00000000ecb00000,0x00000000ecb00000)
  from space 5120K, 99% used [0x00000000ecb00000,0x00000000ecffd530,0x00000000ed000000)
  to   space 5120K, 0% used [0x00000000ef000000,0x00000000ef000000,0x00000000ef500000)
 ParOldGen       total 86016K, used 10664K [0x00000000c0000000, 0x00000000c5400000, 0x00000000eab00000)
  object space 86016K, 12% used [0x00000000c0000000,0x00000000c0a6a0c8,0x00000000c5400000)
 Metaspace       used 6457K, capacity 7192K, committed 7424K, reserved 1056768K
  class space    used 638K, capacity 656K, committed 768K, reserved 1048576K
Event: 3.375 GC heap after
Heap after GC invocations=4 (full 0):
 PSYoungGen      total 70656K, used 5096K [0x00000000eab00000, 0x00000000ef500000, 0x0000000100000000)
  eden space 65536K, 0% used [0x00000000eab00000,0x00000000eab00000,0x00000000eeb00000)
  from space 5120K, 99% used [0x00000000ef000000,0x00000000ef4fa230,0x00000000ef500000)
  to   space 5120K, 0% used [0x00000000eeb00000,0x00000000eeb00000,0x00000000ef000000)
 ParOldGen       total 86016K, used 15251K [0x00000000c0000000, 0x00000000c5400000, 0x00000000eab00000)
  object space 86016K, 17% used [0x00000000c0000000,0x00000000c0ee4d68,0x00000000c5400000)
 Metaspace       used 6457K, capacity 7192K, committed 7424K, reserved 1056768K
  class space    used 638K, capacity 656K, committed 768K, reserved 1048576K
}
Event: 3.844 GC heap before
{Heap before GC invocations=5 (full 0):
 PSYoungGen      total 70656K, used 70632K [0x00000000eab00000, 0x00000000ef500000, 0x0000000100000000)
  eden space 65536K, 100% used [0x00000000eab00000,0x00000000eeb00000,0x00000000eeb00000)
  from space 5120K, 99% used [0x00000000ef000000,0x00000000ef4fa230,0x00000000ef500000)
  to   space 5120K, 0% used [0x00000000eeb00000,0x00000000eeb00000,0x00000000ef000000)
 ParOldGen       total 86016K, used 15251K [0x00000000c0000000, 0x00000000c5400000, 0x00000000eab00000)
  object space 86016K, 17% used [0x00000000c0000000,0x00000000c0ee4d68,0x00000000c5400000)
 Metaspace       used 6525K, capacity 7192K, committed 7424K, reserved 1056768K
  class space    used 638K, capacity 656K, committed 768K, reserved 1048576K
Event: 3.886 GC heap after
Heap after GC invocations=5 (full 0):
 PSYoungGen      total 70656K, used 5111K [0x00000000eab00000, 0x00000000f4900000, 0x0000000100000000)
  eden space 65536K, 0% used [0x00000000eab00000,0x00000000eab00000,0x00000000eeb00000)
  from space 5120K, 99% used [0x00000000eeb00000,0x00000000eeffdf68,0x00000000ef000000)
  to   space 15360K, 0% used [0x00000000f3a00000,0x00000000f3a00000,0x00000000f4900000)
 ParOldGen       total 86016K, used 25397K [0x00000000c0000000, 0x00000000c5400000, 0x00000000eab00000)
  object space 86016K, 29% used [0x00000000c0000000,0x00000000c18cd6c0,0x00000000c5400000)
 Metaspace       used 6525K, capacity 7192K, committed 7424K, reserved 1056768K
  class space    used 638K, capacity 656K, committed 768K, reserved 1048576K
}
Event: 4.400 GC heap before
{Heap before GC invocations=6 (full 0):
 PSYoungGen      total 70656K, used 70647K [0x00000000eab00000, 0x00000000f4900000, 0x0000000100000000)
  eden space 65536K, 100% used [0x00000000eab00000,0x00000000eeb00000,0x00000000eeb00000)
  from space 5120K, 99% used [0x00000000eeb00000,0x00000000eeffdf68,0x00000000ef000000)
  to   space 15360K, 0% used [0x00000000f3a00000,0x00000000f3a00000,0x00000000f4900000)
 ParOldGen       total 86016K, used 25397K [0x00000000c0000000, 0x00000000c5400000, 0x00000000eab00000)
  object space 86016K, 29% used [0x00000000c0000000,0x00000000c18cd6c0,0x00000000c5400000)
 Metaspace       used 6562K, capacity 7192K, committed 7424K, reserved 1056768K
  class space    used 638K, capacity 656K, committed 768K, reserved 1048576K
Event: 4.429 GC heap after
Heap after GC invocations=6 (full 0):
 PSYoungGen      total 144384K, used 15205K [0x00000000eab00000, 0x00000000f4d00000, 0x0000000100000000)
  eden space 129024K, 0% used [0x00000000eab00000,0x00000000eab00000,0x00000000f2900000)
  from space 15360K, 98% used [0x00000000f3a00000,0x00000000f48d9488,0x00000000f4900000)
  to   space 17408K, 0% used [0x00000000f2900000,0x00000000f2900000,0x00000000f3a00000)
 ParOldGen       total 86016K, used 25397K [0x00000000c0000000, 0x00000000c5400000, 0x00000000eab00000)
  object space 86016K, 29% used [0x00000000c0000000,0x00000000c18cd6c0,0x00000000c5400000)
 Metaspace       used 6562K, capacity 7192K, committed 7424K, reserved 1056768K
  class space    used 638K, capacity 656K, committed 768K, reserved 1048576K
}
Event: 5.280 GC heap before
{Heap before GC invocations=7 (full 0):
 PSYoungGen      total 144384K, used 144229K [0x00000000eab00000, 0x00000000f4d00000, 0x0000000100000000)
  eden space 129024K, 100% used [0x00000000eab00000,0x00000000f2900000,0x00000000f2900000)
  from space 15360K, 98% used [0x00000000f3a00000,0x00000000f48d9488,0x00000000f4900000)
  to   space 17408K, 0% used [0x00000000f2900000,0x00000000f2900000,0x00000000f3a00000)
 ParOldGen       total 86016K, used 25397K [0x00000000c0000000, 0x00000000c5400000, 0x00000000eab00000)
  object space 86016K, 29% used [0x00000000c0000000,0x00000000c18cd6c0,0x00000000c5400000)
 Metaspace       used 6620K, capacity 7256K, committed 7424K, reserved 1056768K
  class space    used 638K, capacity 656K, committed 768K, reserved 1048576K
Event: 5.388 GC heap after
Heap after GC invocations=7 (full 0):
 PSYoungGen      total 146432K, used 17392K [0x00000000eab00000, 0x00000000fdd00000, 0x0000000100000000)
  eden space 129024K, 0% used [0x00000000eab00000,0x00000000eab00000,0x00000000f2900000)
  from space 17408K, 99% used [0x00000000f2900000,0x00000000f39fc328,0x00000000f3a00000)
  to   space 27648K, 0% used [0x00000000fc200000,0x00000000fc200000,0x00000000fdd00000)
 ParOldGen       total 86016K, used 41675K [0x00000000c0000000, 0x00000000c5400000, 0x00000000eab00000)
  object space 86016K, 48% used [0x00000000c0000000,0x00000000c28b2fa0,0x00000000c5400000)
 Metaspace       used 6620K, capacity 7256K, committed 7424K, reserved 1056768K
  class space    used 638K, capacity 656K, committed 768K, reserved 1048576K
}

Deoptimization events (10 events):
Event: 3.332 Thread 0x0000000016f3d000 Uncommon trap: reason=unstable_if action=reinterpret pc=0x0000000003362194 method=com.android.dx.ssa.SCCP.simulateBranch(Lcom/android/dx/ssa/SsaInsn;)V @ 64
Event: 4.636 Thread 0x0000000016f3d000 Uncommon trap: reason=bimorphic action=maybe_recompile pc=0x0000000003461260 method=com.android.dx.cf.code.BytecodeArray.parseInstruction(ILcom/android/dx/cf/code/BytecodeArray$Visitor;)I @ 955
Event: 4.636 Thread 0x0000000016f3d000 Uncommon trap: reason=bimorphic action=maybe_recompile pc=0x0000000003461260 method=com.android.dx.cf.code.BytecodeArray.parseInstruction(ILcom/android/dx/cf/code/BytecodeArray$Visitor;)I @ 955
Event: 6.219 Thread 0x0000000016f25000 Uncommon trap: reason=bimorphic action=maybe_recompile pc=0x00000000035a0940 method=com.android.dx.cf.code.BytecodeArray.parseInstruction(ILcom/android/dx/cf/code/BytecodeArray$Visitor;)I @ 1161
Event: 6.219 Thread 0x0000000016f25000 Uncommon trap: reason=bimorphic action=maybe_recompile pc=0x00000000035a0940 method=com.android.dx.cf.code.BytecodeArray.parseInstruction(ILcom/android/dx/cf/code/BytecodeArray$Visitor;)I @ 1161
Event: 6.221 Thread 0x0000000000f3d800 Uncommon trap: reason=unstable_if action=reinterpret pc=0x00000000035bcfbc method=com.android.dx.ssa.SCCP.simulateBranch(Lcom/android/dx/ssa/SsaInsn;)V @ 334
Event: 7.548 Thread 0x0000000000f3d800 Uncommon trap: reason=class_check action=maybe_recompile pc=0x000000000325db48 method=java.util.Arrays.hashCode([Ljava/lang/Object;)I @ 43
Event: 7.548 Thread 0x0000000000f3d800 Uncommon trap: reason=class_check action=maybe_recompile pc=0x000000000325db48 method=java.util.Arrays.hashCode([Ljava/lang/Object;)I @ 43
Event: 7.549 Thread 0x0000000000f3d800 Uncommon trap: reason=class_check action=maybe_recompile pc=0x000000000325db48 method=java.util.Arrays.hashCode([Ljava/lang/Object;)I @ 43
Event: 7.549 Thread 0x0000000000f3d800 Uncommon trap: reason=class_check action=maybe_recompile pc=0x000000000325db48 method=java.util.Arrays.hashCode([Ljava/lang/Object;)I @ 43

Internal exceptions (5 events):
Event: 0.259 Thread 0x0000000000f3d800 Exception <a 'java/lang/NoSuchMethodError': Method sun.misc.Unsafe.defineClass(Ljava/lang/String;[BII)Ljava/lang/Class; name or signature does not match> (0x00000000eab07ca8) thrown at [C:\re\workspace\8-2-build-windows-amd64-cygwin\jdk8u151\9699\hotspot\
Event: 0.259 Thread 0x0000000000f3d800 Exception <a 'java/lang/NoSuchMethodError': Method sun.misc.Unsafe.prefetchRead(Ljava/lang/Object;J)V name or signature does not match> (0x00000000eab07f90) thrown at [C:\re\workspace\8-2-build-windows-amd64-cygwin\jdk8u151\9699\hotspot\src\share\vm\prims
Event: 2.251 Thread 0x0000000000f3d800 Exception <a 'java/lang/ArrayIndexOutOfBoundsException': 18> (0x00000000eb7af8c8) thrown at [C:\re\workspace\8-2-build-windows-amd64-cygwin\jdk8u151\9699\hotspot\src\share\vm\interpreter\interpreterRuntime.cpp, line 366]
Event: 2.251 Thread 0x0000000000f3d800 Exception <a 'java/lang/ArrayIndexOutOfBoundsException': 145> (0x00000000eb7b1448) thrown at [C:\re\workspace\8-2-build-windows-amd64-cygwin\jdk8u151\9699\hotspot\src\share\vm\interpreter\interpreterRuntime.cpp, line 366]
Event: 2.252 Thread 0x0000000000f3d800 Exception <a 'java/lang/ArrayIndexOutOfBoundsException': 40> (0x00000000eb7b2730) thrown at [C:\re\workspace\8-2-build-windows-amd64-cygwin\jdk8u151\9699\hotspot\src\share\vm\interpreter\interpreterRuntime.cpp, line 366]

Events (10 events):
Event: 7.549 loading class com/android/dx/rop/cst/Zeroes
Event: 7.549 loading class com/android/dx/rop/cst/Zeroes done
Event: 8.315 loading class com/android/dx/dex/file/CatchStructs
Event: 8.315 loading class com/android/dx/dex/file/CatchStructs done
Event: 8.330 Thread 0x0000000000f3d800 DEOPT PACKING pc=0x00000000036737ea sp=0x0000000002b9f130
Event: 8.330 Thread 0x0000000000f3d800 DEOPT UNPACKING pc=0x0000000002de787f sp=0x0000000002b9eec0 mode 0
Event: 8.482 Thread 0x0000000000f3d800 DEOPT PACKING pc=0x000000000335b385 sp=0x0000000002b9f130
Event: 8.482 Thread 0x0000000000f3d800 DEOPT UNPACKING pc=0x0000000002de787f sp=0x0000000002b9ee60 mode 0
Event: 8.682 loading class com/android/dx/dex/file/ProtoIdItem
Event: 8.682 loading class com/android/dx/dex/file/ProtoIdItem done


Dynamic libraries:
0x00007ff776980000 - 0x00007ff7769b7000 	C:\Program Files\Java\jdk1.8.0_151\bin\java.exe
0x00007ffc93f80000 - 0x00007ffc9415b000 	C:\WINDOWS\SYSTEM32\ntdll.dll
0x00007ffc92650000 - 0x00007ffc926fe000 	C:\WINDOWS\System32\KERNEL32.DLL
0x00007ffc90b90000 - 0x00007ffc90dd9000 	C:\WINDOWS\System32\KERNELBASE.dll
0x00007ffc93e00000 - 0x00007ffc93ea1000 	C:\WINDOWS\System32\ADVAPI32.dll
0x00007ffc915f0000 - 0x00007ffc9168d000 	C:\WINDOWS\System32\msvcrt.dll
0x00007ffc91a10000 - 0x00007ffc91a69000 	C:\WINDOWS\System32\sechost.dll
0x00007ffc92410000 - 0x00007ffc92535000 	C:\WINDOWS\System32\RPCRT4.dll
0x00007ffc92870000 - 0x00007ffc929ba000 	C:\WINDOWS\System32\USER32.dll
0x00007ffc90b10000 - 0x00007ffc90b2e000 	C:\WINDOWS\System32\win32u.dll
0x00007ffc91a70000 - 0x00007ffc91a97000 	C:\WINDOWS\System32\GDI32.dll
0x00007ffc90830000 - 0x00007ffc909b7000 	C:\WINDOWS\System32\gdi32full.dll
0x00007ffc906e0000 - 0x00007ffc9077a000 	C:\WINDOWS\System32\msvcp_win.dll
0x00007ffc90a10000 - 0x00007ffc90b06000 	C:\WINDOWS\System32\ucrtbase.dll
0x00007ffc801f0000 - 0x00007ffc80457000 	C:\WINDOWS\WinSxS\amd64_microsoft.windows.common-controls_6595b64144ccf1df_6.0.15063.483_none_26002d27e7c744a2\COMCTL32.dll
0x00007ffc92100000 - 0x00007ffc923f9000 	C:\WINDOWS\System32\combase.dll
0x00007ffc90670000 - 0x00007ffc906da000 	C:\WINDOWS\System32\bcryptPrimitives.dll
0x00007ffc925c0000 - 0x00007ffc925ed000 	C:\WINDOWS\System32\IMM32.DLL
0x00000000591e0000 - 0x00000000592b2000 	C:\Program Files\Java\jdk1.8.0_151\jre\bin\msvcr100.dll
0x0000000058940000 - 0x00000000591dd000 	C:\Program Files\Java\jdk1.8.0_151\jre\bin\server\jvm.dll
0x00007ffc93eb0000 - 0x00007ffc93eb8000 	C:\WINDOWS\System32\PSAPI.DLL
0x00007ffc89b40000 - 0x00007ffc89b49000 	C:\WINDOWS\SYSTEM32\WSOCK32.dll
0x00007ffc918e0000 - 0x00007ffc9194c000 	C:\WINDOWS\System32\WS2_32.dll
0x00007ffc81200000 - 0x00007ffc81223000 	C:\WINDOWS\SYSTEM32\WINMM.dll
0x00007ffc8a5d0000 - 0x00007ffc8a5da000 	C:\WINDOWS\SYSTEM32\VERSION.dll
0x00007ffc811d0000 - 0x00007ffc811fb000 	C:\WINDOWS\SYSTEM32\WINMMBASE.dll
0x00007ffc909c0000 - 0x00007ffc90a09000 	C:\WINDOWS\System32\cfgmgr32.dll
0x0000000058930000 - 0x000000005893f000 	C:\Program Files\Java\jdk1.8.0_151\jre\bin\verify.dll
0x0000000058900000 - 0x0000000058929000 	C:\Program Files\Java\jdk1.8.0_151\jre\bin\java.dll
0x00000000588e0000 - 0x00000000588f6000 	C:\Program Files\Java\jdk1.8.0_151\jre\bin\zip.dll
0x00007ffc929c0000 - 0x00007ffc93df6000 	C:\WINDOWS\System32\SHELL32.dll
0x00007ffc91830000 - 0x00007ffc918da000 	C:\WINDOWS\System32\shcore.dll
0x00007ffc90de0000 - 0x00007ffc914d1000 	C:\WINDOWS\System32\windows.storage.dll
0x00007ffc925f0000 - 0x00007ffc92641000 	C:\WINDOWS\System32\shlwapi.dll
0x00007ffc90410000 - 0x00007ffc90421000 	C:\WINDOWS\System32\kernel.appcore.dll
0x00007ffc90450000 - 0x00007ffc9049c000 	C:\WINDOWS\System32\powrprof.dll
0x00007ffc90430000 - 0x00007ffc90445000 	C:\WINDOWS\System32\profapi.dll

VM Arguments:
jvm_args: -Djava.awt.headless=true -Xmx1024M -Dfile.encoding=windows-1252 -Duser.country=BR -Duser.language=pt -Duser.variant 
java_command: com.android.dx.command.Main --dex --num-threads=4 --output C:\Users\Gislainy\Desktop\ican\app\android\app\build\intermediates\pre-dexed\debug\com.android.support-support-v4-23.0.1_aa237b05f1256a7ede7cab90a54ad499c0450bad.jar C:\Users\Gislainy\Desktop\ican\app\android\app\build\intermediates\exploded-aar\com.android.support\support-v4\23.0.1\jars\classes.jar
java_class_path (initial): C:\Users\Gislainy\AppData\Local\Android\sdk\build-tools\23.0.1\lib\dx.jar
Launcher Type: SUN_STANDARD

Environment Variables:
JAVA_HOME=C:\Program Files\Java\jdk1.8.0_151
CLASSPATH=C:\Users\Gislainy\Desktop\ican\app\android\\gradle\wrapper\gradle-wrapper.jar
PATH=C:\ProgramData\Oracle\Java\javapath;C:\WINDOWS\system32;C:\WINDOWS;C:\WINDOWS\System32\Wbem;C:\WINDOWS\System32\WindowsPowerShell\v1.0\;C:\Program Files\nodejs\;C:\ProgramData\chocolatey\bin;C:\Program Files\Git\cmd;C:\Users\Gislainy\AppData\Local\Microsoft\WindowsApps;C:\Program Files\Microsoft VS Code\bin;C:\Users\Gislainy\AppData\Roaming\npm;C:\Users\Gislainy\AppData\Local\Android\sdk\platform-tools;
USERNAME=Gislainy
OS=Windows_NT
PROCESSOR_IDENTIFIER=Intel64 Family 6 Model 42 Stepping 7, GenuineIntel



---------------  S Y S T E M  ---------------

OS: Windows 10.0 , 64 bit Build 15063 (10.0.15063.296)

CPU:total 4 (initial active 4) (2 cores per cpu, 2 threads per core) family 6 model 42 stepping 7, cmov, cx8, fxsr, mmx, sse, sse2, sse3, ssse3, sse4.1, sse4.2, popcnt, avx, aes, clmul, ht, tsc, tscinvbit

Memory: 4k page, physical 8200556k(1304500k free), swap 8200556k(4088k free)

vm_info: Java HotSpot(TM) 64-Bit Server VM (25.151-b12) for windows-amd64 JRE (1.8.0_151-b12), built on Sep  5 2017 19:33:46 by "java_re" with MS VC++ 10.0 (VS2010)

time: Sun Nov 05 19:52:55 2017
elapsed time: 8 seconds (0d 0h 0m 8s)

