#
# There is insufficient memory for the Java Runtime Environment to continue.
# Native memory allocation (malloc) failed to allocate 486096 bytes for Chunk::new
# Possible reasons:
#   The system is out of physical RAM or swap space
#   In 32 bit mode, the process size limit was hit
# Possible solutions:
#   Reduce memory load on the system
#   Increase physical memory or swap space
#   Check if swap backing store is full
#   Use 64 bit Java on a 64 bit OS
#   Decrease Java heap size (-Xmx/-Xms)
#   Decrease number of Java threads
#   Decrease Java thread stack sizes (-Xss)
#   Set larger code cache with -XX:ReservedCodeCacheSize=
# This output file may be truncated or incomplete.
#
#  Out of Memory Error (allocation.cpp:390), pid=3560, tid=0x0000000000000c44
#
# JRE version: Java(TM) SE Runtime Environment (8.0_151-b12) (build 1.8.0_151-b12)
# Java VM: Java HotSpot(TM) 64-Bit Server VM (25.151-b12 mixed mode windows-amd64 compressed oops)
# Failed to write core dump. Minidumps are not enabled by default on client versions of Windows
#

---------------  T H R E A D  ---------------

Current thread (0x00000000154c6800):  JavaThread "C2 CompilerThread1" daemon [_thread_in_native, id=3140, stack(0x0000000016c20000,0x0000000016d20000)]

Stack: [0x0000000016c20000,0x0000000016d20000]
[error occurred during error reporting (printing stack bounds), id 0xc0000005]

Native frames: (J=compiled Java code, j=interpreted, Vv=VM code, C=native code)


Current CompileTask:
C2:   5550 1621   !   4       com.android.dx.cf.code.BytecodeArray::parseInstruction (2764 bytes)


---------------  P R O C E S S  ---------------

Java Threads: ( => current thread )
  0x0000000016f9b000 JavaThread "pool-1-thread-4" [_thread_in_Java, id=8936, stack(0x0000000017820000,0x0000000017920000)]
  0x0000000016f9a000 JavaThread "pool-1-thread-3" [_thread_in_vm, id=9008, stack(0x0000000017720000,0x0000000017820000)]
  0x0000000016f95800 JavaThread "pool-1-thread-2" [_thread_in_vm, id=7132, stack(0x0000000017620000,0x0000000017720000)]
  0x0000000016f90000 JavaThread "pool-2-thread-1" [_thread_blocked, id=7052, stack(0x0000000017520000,0x0000000017620000)]
  0x0000000016f8d800 JavaThread "pool-1-thread-1" [_thread_in_vm, id=10176, stack(0x0000000017420000,0x0000000017520000)]
  0x0000000016d25000 JavaThread "Service Thread" daemon [_thread_blocked, id=9592, stack(0x0000000017220000,0x0000000017320000)]
  0x0000000002dee800 JavaThread "C1 CompilerThread2" daemon [_thread_blocked, id=2860, stack(0x0000000017120000,0x0000000017220000)]
=>0x00000000154c6800 JavaThread "C2 CompilerThread1" daemon [_thread_in_native, id=3140, stack(0x0000000016c20000,0x0000000016d20000)]
  0x00000000154c3000 JavaThread "C2 CompilerThread0" daemon [_thread_in_native, id=6156, stack(0x0000000016b20000,0x0000000016c20000)]
  0x00000000154c1800 JavaThread "Attach Listener" daemon [_thread_blocked, id=9976, stack(0x0000000016a20000,0x0000000016b20000)]
  0x00000000154be800 JavaThread "Signal Dispatcher" daemon [_thread_blocked, id=428, stack(0x0000000016920000,0x0000000016a20000)]
  0x00000000154aa800 JavaThread "Finalizer" daemon [_thread_blocked, id=4340, stack(0x0000000016720000,0x0000000016820000)]
  0x0000000002de0000 JavaThread "Reference Handler" daemon [_thread_blocked, id=4988, stack(0x0000000016620000,0x0000000016720000)]
  0x0000000002ced800 JavaThread "main" [_thread_in_vm, id=4176, stack(0x0000000002bb0000,0x0000000002cb0000)]

Other Threads:
  0x0000000015487800 VMThread [stack: 0x0000000016520000,0x0000000016620000] [id=4720]
  0x0000000016d3a000 WatcherThread [stack: 0x0000000017320000,0x0000000017420000] [id=8732]

VM state:not at safepoint (normal execution)

VM Mutex/Monitor currently owned by a thread: None

Heap:
 PSYoungGen      total 37888K, used 33491K [0x00000000eab00000, 0x00000000ed500000, 0x0000000100000000)
  eden space 32768K, 86% used [0x00000000eab00000,0x00000000ec6b57d0,0x00000000ecb00000)
  from space 5120K, 99% used [0x00000000ed000000,0x00000000ed4ff620,0x00000000ed500000)
  to   space 5120K, 0% used [0x00000000ecb00000,0x00000000ecb00000,0x00000000ed000000)
 ParOldGen       total 86016K, used 6185K [0x00000000c0000000, 0x00000000c5400000, 0x00000000eab00000)
  object space 86016K, 7% used [0x00000000c0000000,0x00000000c060a720,0x00000000c5400000)
 Metaspace       used 6409K, capacity 7128K, committed 7424K, reserved 1056768K
  class space    used 637K, capacity 656K, committed 768K, reserved 1048576K

Card table byte_map: [0x00000000121b0000,0x00000000123c0000] byte_map_base: 0x0000000011bb0000

Marking Bits: (ParMarkBitMap*) 0x000000005915d850
 Begin Bits: [0x0000000012920000, 0x0000000013920000)
 End Bits:   [0x0000000013920000, 0x0000000014920000)

Polling page: 0x00000000011f0000

CodeCache: size=245760Kb used=7078Kb max_used=7078Kb free=238681Kb
 bounds [0x0000000002df0000, 0x00000000034f0000, 0x0000000011df0000]
 total_blobs=1869 nmethods=1600 adapters=182
 compilation: enabled

Compilation events (10 events):
Event: 5.425 Thread 0x0000000002dee800 1629       2       com.android.dx.dex.file.ClassDefItem::addDirectMethod (9 bytes)
Event: 5.425 Thread 0x0000000002dee800 nmethod 1629 0x00000000034d7250 code [0x00000000034d73e0, 0x00000000034d7718]
Event: 5.433 Thread 0x0000000002dee800 1630       2       com.android.dx.ssa.NormalSsaInsn::clone (5 bytes)
Event: 5.433 Thread 0x0000000002dee800 nmethod 1630 0x00000000034dca90 code [0x00000000034dcc00, 0x00000000034dce98]
Event: 5.436 Thread 0x0000000002dee800 1631       2       com.android.dx.ssa.LocalVariableExtractor::processBlock (383 bytes)
Event: 5.439 Thread 0x0000000002dee800 nmethod 1631 0x00000000034dd050 code [0x00000000034dd3c0, 0x00000000034de5b8]
Event: 5.439 Thread 0x0000000002dee800 1632       2       com.android.dx.ssa.LocalVariableInfo::mutableCopyOfStarts (29 bytes)
Event: 5.440 Thread 0x0000000002dee800 nmethod 1632 0x00000000034e0650 code [0x00000000034e07e0, 0x00000000034e0b78]
Event: 5.441 Thread 0x0000000002dee800 1633       2       java.util.Collections$UnmodifiableCollection::size (10 bytes)
Event: 5.441 Thread 0x0000000002dee800 nmethod 1633 0x00000000034e0e10 code [0x00000000034e0f80, 0x00000000034e1108]

GC Heap History (4 events):
Event: 3.506 GC heap before
{Heap before GC invocations=1 (full 0):
 PSYoungGen      total 37888K, used 32768K [0x00000000eab00000, 0x00000000ed500000, 0x0000000100000000)
  eden space 32768K, 100% used [0x00000000eab00000,0x00000000ecb00000,0x00000000ecb00000)
  from space 5120K, 0% used [0x00000000ed000000,0x00000000ed000000,0x00000000ed500000)
  to   space 5120K, 0% used [0x00000000ecb00000,0x00000000ecb00000,0x00000000ed000000)
 ParOldGen       total 86016K, used 0K [0x00000000c0000000, 0x00000000c5400000, 0x00000000eab00000)
  object space 86016K, 0% used [0x00000000c0000000,0x00000000c0000000,0x00000000c5400000)
 Metaspace       used 6182K, capacity 7000K, committed 7168K, reserved 1056768K
  class space    used 618K, capacity 656K, committed 768K, reserved 1048576K
Event: 3.610 GC heap after
Heap after GC invocations=1 (full 0):
 PSYoungGen      total 37888K, used 5102K [0x00000000eab00000, 0x00000000ed500000, 0x0000000100000000)
  eden space 32768K, 0% used [0x00000000eab00000,0x00000000eab00000,0x00000000ecb00000)
  from space 5120K, 99% used [0x00000000ecb00000,0x00000000ecffb968,0x00000000ed000000)
  to   space 5120K, 0% used [0x00000000ed000000,0x00000000ed000000,0x00000000ed500000)
 ParOldGen       total 86016K, used 2355K [0x00000000c0000000, 0x00000000c5400000, 0x00000000eab00000)
  object space 86016K, 2% used [0x00000000c0000000,0x00000000c024cd98,0x00000000c5400000)
 Metaspace       used 6182K, capacity 7000K, committed 7168K, reserved 1056768K
  class space    used 618K, capacity 656K, committed 768K, reserved 1048576K
}
Event: 4.724 GC heap before
{Heap before GC invocations=2 (full 0):
 PSYoungGen      total 37888K, used 37870K [0x00000000eab00000, 0x00000000ed500000, 0x0000000100000000)
  eden space 32768K, 100% used [0x00000000eab00000,0x00000000ecb00000,0x00000000ecb00000)
  from space 5120K, 99% used [0x00000000ecb00000,0x00000000ecffb968,0x00000000ed000000)
  to   space 5120K, 0% used [0x00000000ed000000,0x00000000ed000000,0x00000000ed500000)
 ParOldGen       total 86016K, used 2355K [0x00000000c0000000, 0x00000000c5400000, 0x00000000eab00000)
  object space 86016K, 2% used [0x00000000c0000000,0x00000000c024cd98,0x00000000c5400000)
 Metaspace       used 6380K, capacity 7128K, committed 7424K, reserved 1056768K
  class space    used 636K, capacity 656K, committed 768K, reserved 1048576K
Event: 4.760 GC heap after
Heap after GC invocations=2 (full 0):
 PSYoungGen      total 37888K, used 5117K [0x00000000eab00000, 0x00000000ed500000, 0x0000000100000000)
  eden space 32768K, 0% used [0x00000000eab00000,0x00000000eab00000,0x00000000ecb00000)
  from space 5120K, 99% used [0x00000000ed000000,0x00000000ed4ff620,0x00000000ed500000)
  to   space 5120K, 0% used [0x00000000ecb00000,0x00000000ecb00000,0x00000000ed000000)
 ParOldGen       total 86016K, used 6185K [0x00000000c0000000, 0x00000000c5400000, 0x00000000eab00000)
  object space 86016K, 7% used [0x00000000c0000000,0x00000000c060a720,0x00000000c5400000)
 Metaspace       used 6380K, capacity 7128K, committed 7424K, reserved 1056768K
  class space    used 636K, capacity 656K, committed 768K, reserved 1048576K
}

Deoptimization events (10 events):
Event: 4.908 Thread 0x0000000016f9a000 Uncommon trap: reason=unstable_if action=reinterpret pc=0x0000000003142adc method=com.android.dx.ssa.SsaMethod.updateOneDefinition(Lcom/android/dx/ssa/SsaInsn;Lcom/android/dx/rop/code/RegisterSpec;)V @ 4
Event: 4.918 Thread 0x0000000016f9a000 Uncommon trap: reason=unstable_if action=reinterpret pc=0x00000000031f2030 method=java.util.HashMap.putVal(ILjava/lang/Object;Ljava/lang/Object;ZZ)Ljava/lang/Object; @ 109
Event: 5.252 Thread 0x0000000016f8d800 Uncommon trap: reason=class_check action=maybe_recompile pc=0x0000000003403d28 method=com.android.dx.cf.code.BytecodeArray.parseInstruction(ILcom/android/dx/cf/code/BytecodeArray$Visitor;)I @ 971
Event: 5.252 Thread 0x0000000016f8d800 Uncommon trap: reason=class_check action=maybe_recompile pc=0x0000000003403d28 method=com.android.dx.cf.code.BytecodeArray.parseInstruction(ILcom/android/dx/cf/code/BytecodeArray$Visitor;)I @ 971
Event: 5.273 Thread 0x0000000016f9b000 Uncommon trap: reason=class_check action=maybe_recompile pc=0x0000000003403d28 method=com.android.dx.cf.code.BytecodeArray.parseInstruction(ILcom/android/dx/cf/code/BytecodeArray$Visitor;)I @ 971
Event: 5.273 Thread 0x0000000016f9b000 Uncommon trap: reason=class_check action=maybe_recompile pc=0x0000000003403d28 method=com.android.dx.cf.code.BytecodeArray.parseInstruction(ILcom/android/dx/cf/code/BytecodeArray$Visitor;)I @ 971
Event: 5.425 Thread 0x0000000016f9a000 Uncommon trap: reason=bimorphic action=maybe_recompile pc=0x000000000348098c method=com.android.dx.rop.code.RegisterSpec.withSimpleType()Lcom/android/dx/rop/code/RegisterSpec; @ 21
Event: 5.430 Thread 0x0000000016f9a000 Uncommon trap: reason=bimorphic action=maybe_recompile pc=0x000000000348098c method=com.android.dx.rop.code.RegisterSpec.withSimpleType()Lcom/android/dx/rop/code/RegisterSpec; @ 21
Event: 5.433 Thread 0x0000000016f9a000 Uncommon trap: reason=bimorphic action=maybe_recompile pc=0x000000000348098c method=com.android.dx.rop.code.RegisterSpec.withSimpleType()Lcom/android/dx/rop/code/RegisterSpec; @ 21
Event: 5.436 Thread 0x0000000016f9a000 Uncommon trap: reason=bimorphic action=maybe_recompile pc=0x000000000348098c method=com.android.dx.rop.code.RegisterSpec.withSimpleType()Lcom/android/dx/rop/code/RegisterSpec; @ 21

Internal exceptions (6 events):
Event: 0.458 Thread 0x0000000002ced800 Exception <a 'java/lang/NoSuchMethodError': Method sun.misc.Unsafe.defineClass(Ljava/lang/String;[BII)Ljava/lang/Class; name or signature does not match> (0x00000000eab07ca8) thrown at [C:\re\workspace\8-2-build-windows-amd64-cygwin\jdk8u151\9699\hotspot\
Event: 0.458 Thread 0x0000000002ced800 Exception <a 'java/lang/NoSuchMethodError': Method sun.misc.Unsafe.prefetchRead(Ljava/lang/Object;J)V name or signature does not match> (0x00000000eab07f90) thrown at [C:\re\workspace\8-2-build-windows-amd64-cygwin\jdk8u151\9699\hotspot\src\share\vm\prims
Event: 3.004 Thread 0x0000000016f9b000 Implicit null exception at 0x0000000003121622 to 0x0000000003121712
Event: 4.122 Thread 0x0000000016f95800 Exception <a 'java/lang/ArrayIndexOutOfBoundsException': 18> (0x00000000eb60b678) thrown at [C:\re\workspace\8-2-build-windows-amd64-cygwin\jdk8u151\9699\hotspot\src\share\vm\interpreter\interpreterRuntime.cpp, line 366]
Event: 4.123 Thread 0x0000000016f95800 Exception <a 'java/lang/ArrayIndexOutOfBoundsException'> (0x00000000eb60d1f8) thrown at [C:\re\workspace\8-2-build-windows-amd64-cygwin\jdk8u151\9699\hotspot\src\share\vm\runtime\sharedRuntime.cpp, line 605]
Event: 4.124 Thread 0x0000000016f95800 Exception <a 'java/lang/ArrayIndexOutOfBoundsException'> (0x00000000eb60e4e0) thrown at [C:\re\workspace\8-2-build-windows-amd64-cygwin\jdk8u151\9699\hotspot\src\share\vm\runtime\sharedRuntime.cpp, line 605]

Events (10 events):
Event: 5.426 Thread 0x0000000016f9a000 DEOPT UNPACKING pc=0x0000000002e3582a sp=0x000000001781e838 mode 2
Event: 5.430 Thread 0x0000000016f9a000 Uncommon trap: trap_request=0xffffffc6 fr.pc=0x000000000348098c
Event: 5.430 Thread 0x0000000016f9a000 DEOPT PACKING pc=0x000000000348098c sp=0x000000001781e8b0
Event: 5.430 Thread 0x0000000016f9a000 DEOPT UNPACKING pc=0x0000000002e3582a sp=0x000000001781e838 mode 2
Event: 5.433 Thread 0x0000000016f9a000 Uncommon trap: trap_request=0xffffffc6 fr.pc=0x000000000348098c
Event: 5.433 Thread 0x0000000016f9a000 DEOPT PACKING pc=0x000000000348098c sp=0x000000001781e8b0
Event: 5.433 Thread 0x0000000016f9a000 DEOPT UNPACKING pc=0x0000000002e3582a sp=0x000000001781e838 mode 2
Event: 5.436 Thread 0x0000000016f9a000 Uncommon trap: trap_request=0xffffffc6 fr.pc=0x000000000348098c
Event: 5.436 Thread 0x0000000016f9a000 DEOPT PACKING pc=0x000000000348098c sp=0x000000001781e800
Event: 5.436 Thread 0x0000000016f9a000 DEOPT UNPACKING pc=0x0000000002e3582a sp=0x000000001781e788 mode 2


Dynamic libraries:
0x00007ff776980000 - 0x00007ff7769b7000 	C:\Program Files\Java\jdk1.8.0_151\bin\java.exe
0x00007ffc93f80000 - 0x00007ffc9415b000 	C:\WINDOWS\SYSTEM32\ntdll.dll
0x00007ffc92650000 - 0x00007ffc926fe000 	C:\WINDOWS\System32\KERNEL32.DLL
0x00007ffc90b90000 - 0x00007ffc90dd9000 	C:\WINDOWS\System32\KERNELBASE.dll
0x00007ffc93e00000 - 0x00007ffc93ea1000 	C:\WINDOWS\System32\ADVAPI32.dll
0x00007ffc915f0000 - 0x00007ffc9168d000 	C:\WINDOWS\System32\msvcrt.dll
0x00007ffc91a10000 - 0x00007ffc91a69000 	C:\WINDOWS\System32\sechost.dll
0x00007ffc92410000 - 0x00007ffc92535000 	C:\WINDOWS\System32\RPCRT4.dll
0x00007ffc92870000 - 0x00007ffc929ba000 	C:\WINDOWS\System32\USER32.dll
0x00007ffc90b10000 - 0x00007ffc90b2e000 	C:\WINDOWS\System32\win32u.dll
0x00007ffc91a70000 - 0x00007ffc91a97000 	C:\WINDOWS\System32\GDI32.dll
0x00007ffc90830000 - 0x00007ffc909b7000 	C:\WINDOWS\System32\gdi32full.dll
0x00007ffc906e0000 - 0x00007ffc9077a000 	C:\WINDOWS\System32\msvcp_win.dll
0x00007ffc90a10000 - 0x00007ffc90b06000 	C:\WINDOWS\System32\ucrtbase.dll
0x00007ffc801f0000 - 0x00007ffc80457000 	C:\WINDOWS\WinSxS\amd64_microsoft.windows.common-controls_6595b64144ccf1df_6.0.15063.483_none_26002d27e7c744a2\COMCTL32.dll
0x00007ffc92100000 - 0x00007ffc923f9000 	C:\WINDOWS\System32\combase.dll
0x00007ffc90670000 - 0x00007ffc906da000 	C:\WINDOWS\System32\bcryptPrimitives.dll
0x00007ffc925c0000 - 0x00007ffc925ed000 	C:\WINDOWS\System32\IMM32.DLL
0x00000000591e0000 - 0x00000000592b2000 	C:\Program Files\Java\jdk1.8.0_151\jre\bin\msvcr100.dll
0x0000000058940000 - 0x00000000591dd000 	C:\Program Files\Java\jdk1.8.0_151\jre\bin\server\jvm.dll
0x00007ffc93eb0000 - 0x00007ffc93eb8000 	C:\WINDOWS\System32\PSAPI.DLL
0x00007ffc89b40000 - 0x00007ffc89b49000 	C:\WINDOWS\SYSTEM32\WSOCK32.dll
0x00007ffc918e0000 - 0x00007ffc9194c000 	C:\WINDOWS\System32\WS2_32.dll
0x00007ffc81200000 - 0x00007ffc81223000 	C:\WINDOWS\SYSTEM32\WINMM.dll
0x00007ffc8a5d0000 - 0x00007ffc8a5da000 	C:\WINDOWS\SYSTEM32\VERSION.dll
0x00007ffc811d0000 - 0x00007ffc811fb000 	C:\WINDOWS\SYSTEM32\WINMMBASE.dll
0x00007ffc909c0000 - 0x00007ffc90a09000 	C:\WINDOWS\System32\cfgmgr32.dll
0x0000000058930000 - 0x000000005893f000 	C:\Program Files\Java\jdk1.8.0_151\jre\bin\verify.dll
0x0000000058900000 - 0x0000000058929000 	C:\Program Files\Java\jdk1.8.0_151\jre\bin\java.dll
0x00000000588e0000 - 0x00000000588f6000 	C:\Program Files\Java\jdk1.8.0_151\jre\bin\zip.dll
0x00007ffc929c0000 - 0x00007ffc93df6000 	C:\WINDOWS\System32\SHELL32.dll
0x00007ffc91830000 - 0x00007ffc918da000 	C:\WINDOWS\System32\shcore.dll
0x00007ffc90de0000 - 0x00007ffc914d1000 	C:\WINDOWS\System32\windows.storage.dll
0x00007ffc925f0000 - 0x00007ffc92641000 	C:\WINDOWS\System32\shlwapi.dll
0x00007ffc90410000 - 0x00007ffc90421000 	C:\WINDOWS\System32\kernel.appcore.dll
0x00007ffc90450000 - 0x00007ffc9049c000 	C:\WINDOWS\System32\powrprof.dll
0x00007ffc90430000 - 0x00007ffc90445000 	C:\WINDOWS\System32\profapi.dll

VM Arguments:
jvm_args: -Djava.awt.headless=true -Xmx1024M -Dfile.encoding=windows-1252 -Duser.country=BR -Duser.language=pt -Duser.variant 
java_command: com.android.dx.command.Main --dex --num-threads=4 --output C:\Users\Gislainy\Desktop\ican\app\android\app\build\intermediates\pre-dexed\debug\com.android.support-appcompat-v7-23.0.1_209fcba184889f686766d6e32f36f056a4a5f567.jar C:\Users\Gislainy\Desktop\ican\app\android\app\build\intermediates\exploded-aar\com.android.support\appcompat-v7\23.0.1\jars\classes.jar
java_class_path (initial): C:\Users\Gislainy\AppData\Local\Android\sdk\build-tools\23.0.1\lib\dx.jar
Launcher Type: SUN_STANDARD

Environment Variables:
JAVA_HOME=C:\Program Files\Java\jdk1.8.0_151
CLASSPATH=C:\Users\Gislainy\Desktop\ican\app\android\\gradle\wrapper\gradle-wrapper.jar
PATH=C:\ProgramData\Oracle\Java\javapath;C:\WINDOWS\system32;C:\WINDOWS;C:\WINDOWS\System32\Wbem;C:\WINDOWS\System32\WindowsPowerShell\v1.0\;C:\Program Files\nodejs\;C:\ProgramData\chocolatey\bin;C:\Program Files\Git\cmd;C:\Users\Gislainy\AppData\Local\Microsoft\WindowsApps;C:\Program Files\Microsoft VS Code\bin;C:\Users\Gislainy\AppData\Roaming\npm;C:\Users\Gislainy\AppData\Local\Android\sdk\platform-tools;
USERNAME=Gislainy
OS=Windows_NT
PROCESSOR_IDENTIFIER=Intel64 Family 6 Model 42 Stepping 7, GenuineIntel



---------------  S Y S T E M  ---------------

OS: Windows 10.0 , 64 bit Build 15063 (10.0.15063.296)

CPU:total 4 (initial active 4) (2 cores per cpu, 2 threads per core) family 6 model 42 stepping 7, cmov, cx8, fxsr, mmx, sse, sse2, sse3, ssse3, sse4.1, sse4.2, popcnt, avx, aes, clmul, ht, tsc, tscinvbit

Memory: 4k page, physical 8200556k(1069336k free), swap 8200556k(1256k free)

vm_info: Java HotSpot(TM) 64-Bit Server VM (25.151-b12) for windows-amd64 JRE (1.8.0_151-b12), built on Sep  5 2017 19:33:46 by "java_re" with MS VC++ 10.0 (VS2010)

time: Sun Nov 05 22:56:01 2017
elapsed time: 5 seconds (0d 0h 0m 5s)

