#
# There is insufficient memory for the Java Runtime Environment to continue.
# Native memory allocation (malloc) failed to allocate 36864 bytes for Chunk::new
# Possible reasons:
#   The system is out of physical RAM or swap space
#   In 32 bit mode, the process size limit was hit
# Possible solutions:
#   Reduce memory load on the system
#   Increase physical memory or swap space
#   Check if swap backing store is full
#   Use 64 bit Java on a 64 bit OS
#   Decrease Java heap size (-Xmx/-Xms)
#   Decrease number of Java threads
#   Decrease Java thread stack sizes (-Xss)
#   Set larger code cache with -XX:ReservedCodeCacheSize=
# This output file may be truncated or incomplete.
#
#  Out of Memory Error (allocation.cpp:390), pid=9484, tid=0x0000000000001300
#
# JRE version: Java(TM) SE Runtime Environment (8.0_151-b12) (build 1.8.0_151-b12)
# Java VM: Java HotSpot(TM) 64-Bit Server VM (25.151-b12 mixed mode windows-amd64 compressed oops)
# Failed to write core dump. Minidumps are not enabled by default on client versions of Windows
#

---------------  T H R E A D  ---------------

Current thread (0x0000000015703000):  JavaThread "C2 CompilerThread0" daemon [_thread_in_native, id=4864, stack(0x0000000016d70000,0x0000000016e70000)]

Stack: [0x0000000016d70000,0x0000000016e70000]
[error occurred during error reporting (printing stack bounds), id 0xc0000005]

Native frames: (J=compiled Java code, j=interpreted, Vv=VM code, C=native code)


Current CompileTask:
C2:   5356 1329       4       com.android.dx.ssa.SCCP::simulateBranch (666 bytes)


---------------  P R O C E S S  ---------------

Java Threads: ( => current thread )
  0x00000000172fb000 JavaThread "pool-1-thread-4" [_thread_blocked, id=1136, stack(0x0000000017a70000,0x0000000017b70000)]
  0x00000000172f7800 JavaThread "pool-1-thread-3" [_thread_blocked, id=972, stack(0x0000000017970000,0x0000000017a70000)]
  0x00000000172fa800 JavaThread "pool-1-thread-2" [_thread_in_Java, id=5652, stack(0x0000000017870000,0x0000000017970000)]
  0x00000000172e3000 JavaThread "pool-2-thread-1" [_thread_blocked, id=2344, stack(0x0000000017770000,0x0000000017870000)]
  0x00000000172e2000 JavaThread "pool-1-thread-1" [_thread_blocked, id=9124, stack(0x0000000017670000,0x0000000017770000)]
  0x000000000302d000 JavaThread "Service Thread" daemon [_thread_blocked, id=3692, stack(0x0000000017470000,0x0000000017570000)]
  0x000000001575d000 JavaThread "C1 CompilerThread2" daemon [_thread_blocked, id=7584, stack(0x0000000016f70000,0x0000000017070000)]
  0x0000000015706800 JavaThread "C2 CompilerThread1" daemon [_thread_in_native, id=3812, stack(0x0000000016e70000,0x0000000016f70000)]
=>0x0000000015703000 JavaThread "C2 CompilerThread0" daemon [_thread_in_native, id=4864, stack(0x0000000016d70000,0x0000000016e70000)]
  0x0000000015701800 JavaThread "Attach Listener" daemon [_thread_blocked, id=5052, stack(0x0000000016c70000,0x0000000016d70000)]
  0x00000000156fe000 JavaThread "Signal Dispatcher" daemon [_thread_blocked, id=6800, stack(0x0000000016b70000,0x0000000016c70000)]
  0x00000000156ea800 JavaThread "Finalizer" daemon [_thread_blocked, id=928, stack(0x0000000016970000,0x0000000016a70000)]
  0x0000000003020000 JavaThread "Reference Handler" daemon [_thread_blocked, id=9028, stack(0x0000000016870000,0x0000000016970000)]
  0x0000000002c9d800 JavaThread "main" [_thread_blocked, id=5812, stack(0x0000000002ca0000,0x0000000002da0000)]

Other Threads:
  0x00000000156c7800 VMThread [stack: 0x0000000016770000,0x0000000016870000] [id=6108]
  0x000000001707a000 WatcherThread [stack: 0x0000000017570000,0x0000000017670000] [id=9416]

VM state:not at safepoint (normal execution)

VM Mutex/Monitor currently owned by a thread: None

Heap:
 PSYoungGen      total 37888K, used 30160K [0x00000000eab00000, 0x00000000ed500000, 0x0000000100000000)
  eden space 32768K, 92% used [0x00000000eab00000,0x00000000ec8742d8,0x00000000ecb00000)
  from space 5120K, 0% used [0x00000000ed000000,0x00000000ed000000,0x00000000ed500000)
  to   space 5120K, 0% used [0x00000000ecb00000,0x00000000ecb00000,0x00000000ed000000)
 ParOldGen       total 86016K, used 0K [0x00000000c0000000, 0x00000000c5400000, 0x00000000eab00000)
  object space 86016K, 0% used [0x00000000c0000000,0x00000000c0000000,0x00000000c5400000)
 Metaspace       used 6216K, capacity 7064K, committed 7424K, reserved 1056768K
  class space    used 617K, capacity 656K, committed 768K, reserved 1048576K

Card table byte_map: [0x00000000123f0000,0x0000000012600000] byte_map_base: 0x0000000011df0000

Marking Bits: (ParMarkBitMap*) 0x000000005915d850
 Begin Bits: [0x0000000012b60000, 0x0000000013b60000)
 End Bits:   [0x0000000013b60000, 0x0000000014b60000)

Polling page: 0x0000000001150000

CodeCache: size=245760Kb used=5486Kb max_used=5487Kb free=240273Kb
 bounds [0x0000000003030000, 0x0000000003590000, 0x0000000012030000]
 total_blobs=1600 nmethods=1330 adapters=182
 compilation: enabled

Compilation events (10 events):
Event: 5.330 Thread 0x0000000015706800 nmethod 1331 0x000000000358f590 code [0x000000000358f6e0, 0x000000000358f7a8]
Event: 5.332 Thread 0x0000000015706800 1332       4       com.android.dx.rop.code.PlainInsn::withNewRegisters (18 bytes)
Event: 5.334 Thread 0x0000000015706800 nmethod 1332 0x000000000358f8d0 code [0x000000000358fa20, 0x000000000358fbd8]
Event: 5.335 Thread 0x000000001575d000 1333       3       com.android.dx.rop.type.Type::isReference (15 bytes)
Event: 5.335 Thread 0x000000001575d000 nmethod 1333 0x0000000003581bd0 code [0x0000000003581d20, 0x0000000003581ed0]
Event: 5.336 Thread 0x000000001575d000 1334       1       com.android.dx.rop.annotation.NameValuePair::getName (5 bytes)
Event: 5.336 Thread 0x000000001575d000 nmethod 1334 0x0000000003581910 code [0x0000000003581a60, 0x0000000003581b70]
Event: 5.338 Thread 0x000000001575d000 1335       3       com.android.dx.ssa.back.SsaToRop::moveParametersToHighRegisters (88 bytes)
Event: 5.338 Thread 0x000000001575d000 nmethod 1335 0x0000000003580b10 code [0x0000000003580ce0, 0x00000000035815b8]
Event: 5.342 Thread 0x0000000015706800 1336       4       com.android.dx.ssa.SCCP::addBlockToWorklist (47 bytes)

GC Heap History (0 events):
No events

Deoptimization events (10 events):
Event: 3.356 Thread 0x00000000172fb000 Uncommon trap: reason=unstable_if action=reinterpret pc=0x00000000032c08f4 method=java.util.BitSet.ensureCapacity(I)V @ 6
Event: 3.356 Thread 0x00000000172fb000 Uncommon trap: reason=unstable_if action=reinterpret pc=0x00000000032b8530 method=java.util.BitSet.ensureCapacity(I)V @ 6
Event: 3.356 Thread 0x00000000172fb000 Uncommon trap: reason=unstable_if action=reinterpret pc=0x000000000328d6f0 method=java.util.BitSet.nextSetBit(I)I @ 87
Event: 3.714 Thread 0x00000000172fa800 Uncommon trap: reason=class_check action=maybe_recompile pc=0x0000000003313d30 method=com.android.dx.ssa.NormalSsaInsn.accept(Lcom/android/dx/ssa/SsaInsn$Visitor;)V @ 9
Event: 3.714 Thread 0x00000000172fa800 Uncommon trap: reason=class_check action=maybe_recompile pc=0x0000000003313d30 method=com.android.dx.ssa.NormalSsaInsn.accept(Lcom/android/dx/ssa/SsaInsn$Visitor;)V @ 9
Event: 3.714 Thread 0x00000000172fa800 Uncommon trap: reason=class_check action=maybe_recompile pc=0x0000000003313d30 method=com.android.dx.ssa.NormalSsaInsn.accept(Lcom/android/dx/ssa/SsaInsn$Visitor;)V @ 9
Event: 3.714 Thread 0x00000000172fa800 Uncommon trap: reason=class_check action=maybe_recompile pc=0x0000000003313d30 method=com.android.dx.ssa.NormalSsaInsn.accept(Lcom/android/dx/ssa/SsaInsn$Visitor;)V @ 9
Event: 3.714 Thread 0x00000000172fa800 Uncommon trap: reason=class_check action=maybe_recompile pc=0x00000000032b5570 method=com.android.dx.ssa.NormalSsaInsn.accept(Lcom/android/dx/ssa/SsaInsn$Visitor;)V @ 9
Event: 3.846 Thread 0x0000000002c9d800 Uncommon trap: reason=null_check action=make_not_entrant pc=0x00000000033a8c20 method=com.android.dx.rop.type.Type.equals(Ljava/lang/Object;)Z @ 8
Event: 4.820 Thread 0x00000000172fa800 Uncommon trap: reason=null_check action=make_not_entrant pc=0x00000000033cbb28 method=com.android.dx.ssa.SsaRenamer.getLocalForNewReg(I)Lcom/android/dx/rop/code/LocalItem; @ 19

Internal exceptions (4 events):
Event: 0.355 Thread 0x0000000002c9d800 Exception <a 'java/lang/NoSuchMethodError': Method sun.misc.Unsafe.defineClass(Ljava/lang/String;[BII)Ljava/lang/Class; name or signature does not match> (0x00000000eab07ca8) thrown at [C:\re\workspace\8-2-build-windows-amd64-cygwin\jdk8u151\9699\hotspot\
Event: 0.355 Thread 0x0000000002c9d800 Exception <a 'java/lang/NoSuchMethodError': Method sun.misc.Unsafe.prefetchRead(Ljava/lang/Object;J)V name or signature does not match> (0x00000000eab07f90) thrown at [C:\re\workspace\8-2-build-windows-amd64-cygwin\jdk8u151\9699\hotspot\src\share\vm\prims
Event: 3.846 Thread 0x0000000002c9d800 Implicit null exception at 0x00000000033a8b22 to 0x00000000033a8c12
Event: 4.820 Thread 0x00000000172fa800 Implicit null exception at 0x00000000033c9bad to 0x00000000033cbb01

Events (10 events):
Event: 4.563 Executing VM operation: ForceSafepoint done
Event: 4.735 loading class com/android/dx/cf/code/SwitchList
Event: 4.735 loading class com/android/dx/cf/code/SwitchList done
Event: 4.820 Thread 0x00000000172fa800 Uncommon trap: trap_request=0xfffffff4 fr.pc=0x00000000033cbb28
Event: 4.820 Thread 0x00000000172fa800 DEOPT PACKING pc=0x00000000033cbb28 sp=0x000000001796e5c0
Event: 4.820 Thread 0x00000000172fa800 DEOPT UNPACKING pc=0x000000000307582a sp=0x000000001796e488 mode 2
Event: 4.922 loading class com/android/dx/cf/attrib/AttLocalVariableTypeTable
Event: 4.922 loading class com/android/dx/cf/attrib/AttLocalVariableTypeTable done
Event: 4.950 Executing VM operation: EnableBiasedLocking
Event: 5.259 Executing VM operation: EnableBiasedLocking done


Dynamic libraries:
0x00007ff776980000 - 0x00007ff7769b7000 	C:\Program Files\Java\jdk1.8.0_151\bin\java.exe
0x00007ffc93f80000 - 0x00007ffc9415b000 	C:\WINDOWS\SYSTEM32\ntdll.dll
0x00007ffc92650000 - 0x00007ffc926fe000 	C:\WINDOWS\System32\KERNEL32.DLL
0x00007ffc90b90000 - 0x00007ffc90dd9000 	C:\WINDOWS\System32\KERNELBASE.dll
0x00007ffc93e00000 - 0x00007ffc93ea1000 	C:\WINDOWS\System32\ADVAPI32.dll
0x00007ffc915f0000 - 0x00007ffc9168d000 	C:\WINDOWS\System32\msvcrt.dll
0x00007ffc91a10000 - 0x00007ffc91a69000 	C:\WINDOWS\System32\sechost.dll
0x00007ffc92410000 - 0x00007ffc92535000 	C:\WINDOWS\System32\RPCRT4.dll
0x00007ffc92870000 - 0x00007ffc929ba000 	C:\WINDOWS\System32\USER32.dll
0x00007ffc90b10000 - 0x00007ffc90b2e000 	C:\WINDOWS\System32\win32u.dll
0x00007ffc91a70000 - 0x00007ffc91a97000 	C:\WINDOWS\System32\GDI32.dll
0x00007ffc90830000 - 0x00007ffc909b7000 	C:\WINDOWS\System32\gdi32full.dll
0x00007ffc906e0000 - 0x00007ffc9077a000 	C:\WINDOWS\System32\msvcp_win.dll
0x00007ffc90a10000 - 0x00007ffc90b06000 	C:\WINDOWS\System32\ucrtbase.dll
0x00007ffc801f0000 - 0x00007ffc80457000 	C:\WINDOWS\WinSxS\amd64_microsoft.windows.common-controls_6595b64144ccf1df_6.0.15063.483_none_26002d27e7c744a2\COMCTL32.dll
0x00007ffc92100000 - 0x00007ffc923f9000 	C:\WINDOWS\System32\combase.dll
0x00007ffc90670000 - 0x00007ffc906da000 	C:\WINDOWS\System32\bcryptPrimitives.dll
0x00007ffc925c0000 - 0x00007ffc925ed000 	C:\WINDOWS\System32\IMM32.DLL
0x00000000591e0000 - 0x00000000592b2000 	C:\Program Files\Java\jdk1.8.0_151\jre\bin\msvcr100.dll
0x0000000058940000 - 0x00000000591dd000 	C:\Program Files\Java\jdk1.8.0_151\jre\bin\server\jvm.dll
0x00007ffc93eb0000 - 0x00007ffc93eb8000 	C:\WINDOWS\System32\PSAPI.DLL
0x00007ffc89b40000 - 0x00007ffc89b49000 	C:\WINDOWS\SYSTEM32\WSOCK32.dll
0x00007ffc918e0000 - 0x00007ffc9194c000 	C:\WINDOWS\System32\WS2_32.dll
0x00007ffc81200000 - 0x00007ffc81223000 	C:\WINDOWS\SYSTEM32\WINMM.dll
0x00007ffc8a5d0000 - 0x00007ffc8a5da000 	C:\WINDOWS\SYSTEM32\VERSION.dll
0x00007ffc811d0000 - 0x00007ffc811fb000 	C:\WINDOWS\SYSTEM32\WINMMBASE.dll
0x00007ffc909c0000 - 0x00007ffc90a09000 	C:\WINDOWS\System32\cfgmgr32.dll
0x0000000058930000 - 0x000000005893f000 	C:\Program Files\Java\jdk1.8.0_151\jre\bin\verify.dll
0x0000000058900000 - 0x0000000058929000 	C:\Program Files\Java\jdk1.8.0_151\jre\bin\java.dll
0x00000000588e0000 - 0x00000000588f6000 	C:\Program Files\Java\jdk1.8.0_151\jre\bin\zip.dll
0x00007ffc929c0000 - 0x00007ffc93df6000 	C:\WINDOWS\System32\SHELL32.dll
0x00007ffc91830000 - 0x00007ffc918da000 	C:\WINDOWS\System32\shcore.dll
0x00007ffc90de0000 - 0x00007ffc914d1000 	C:\WINDOWS\System32\windows.storage.dll
0x00007ffc925f0000 - 0x00007ffc92641000 	C:\WINDOWS\System32\shlwapi.dll
0x00007ffc90410000 - 0x00007ffc90421000 	C:\WINDOWS\System32\kernel.appcore.dll
0x00007ffc90450000 - 0x00007ffc9049c000 	C:\WINDOWS\System32\powrprof.dll
0x00007ffc90430000 - 0x00007ffc90445000 	C:\WINDOWS\System32\profapi.dll

VM Arguments:
jvm_args: -Djava.awt.headless=true -Xmx1024M -Dfile.encoding=windows-1252 -Duser.country=BR -Duser.language=pt -Duser.variant 
java_command: com.android.dx.command.Main --dex --num-threads=4 --output C:\Users\Gislainy\Desktop\ican\app\android\app\build\intermediates\pre-dexed\debug\internal_impl-23.0.1_4d2d692510e0d064d6dd6cb7190a696a0ffad1f8.jar C:\Users\Gislainy\Desktop\ican\app\android\app\build\intermediates\exploded-aar\com.android.support\support-v4\23.0.1\jars\libs\internal_impl-23.0.1.jar
java_class_path (initial): C:\Users\Gislainy\AppData\Local\Android\sdk\build-tools\23.0.1\lib\dx.jar
Launcher Type: SUN_STANDARD

Environment Variables:
JAVA_HOME=C:\Program Files\Java\jdk1.8.0_151
CLASSPATH=C:\Users\Gislainy\Desktop\ican\app\android\\gradle\wrapper\gradle-wrapper.jar
PATH=C:\ProgramData\Oracle\Java\javapath;C:\WINDOWS\system32;C:\WINDOWS;C:\WINDOWS\System32\Wbem;C:\WINDOWS\System32\WindowsPowerShell\v1.0\;C:\Program Files\nodejs\;C:\ProgramData\chocolatey\bin;C:\Program Files\Git\cmd;C:\Users\Gislainy\AppData\Local\Microsoft\WindowsApps;C:\Program Files\Microsoft VS Code\bin;C:\Users\Gislainy\AppData\Roaming\npm;C:\Users\Gislainy\AppData\Local\Android\sdk\platform-tools;
USERNAME=Gislainy
OS=Windows_NT
PROCESSOR_IDENTIFIER=Intel64 Family 6 Model 42 Stepping 7, GenuineIntel



---------------  S Y S T E M  ---------------

OS: Windows 10.0 , 64 bit Build 15063 (10.0.15063.296)

CPU:total 4 (initial active 4) (2 cores per cpu, 2 threads per core) family 6 model 42 stepping 7, cmov, cx8, fxsr, mmx, sse, sse2, sse3, ssse3, sse4.1, sse4.2, popcnt, avx, aes, clmul, ht, tsc, tscinvbit

Memory: 4k page, physical 8200556k(1069216k free), swap 8200556k(1256k free)

vm_info: Java HotSpot(TM) 64-Bit Server VM (25.151-b12) for windows-amd64 JRE (1.8.0_151-b12), built on Sep  5 2017 19:33:46 by "java_re" with MS VC++ 10.0 (VS2010)

time: Sun Nov 05 22:56:01 2017
elapsed time: 5 seconds (0d 0h 0m 5s)

